/Users/lishengmin/WeChatProjects/applet/Api/user/user.js:31
    console.log('data1', da
                         ^^

SyntaxError: missing ) after argument list
    at internalCompileFunction (node:internal/vm:73:18)
    at wrapSafe (node:internal/modules/cjs/loader:1176:20)
    at Module._compile (node:internal/modules/cjs/loader:1218:27)
    at Module._extensions..js (node:internal/modules/cjs/loader:1308:10)
    at Module.load (node:internal/modules/cjs/loader:1117:32)
    at Module._load (node:internal/modules/cjs/loader:958:12)
    at Module.require (node:internal/modules/cjs/loader:1141:19)
    at Hook._require.Module.require (/usr/local/lib/node_modules/pm2/node_modules/require-in-the-middle/index.js:101:39)
    at require (node:internal/modules/cjs/helpers:110:18)
    at Object.<anonymous> (/Users/lishengmin/WeChatProjects/applet/Api/router.js:18:19)
/Users/lishengmin/WeChatProjects/applet/Api/user/user.js:31
    console.log('data1', da
                         ^^

SyntaxError: missing ) after argument list
    at internalCompileFunction (node:internal/vm:73:18)
    at wrapSafe (node:internal/modules/cjs/loader:1176:20)
    at Module._compile (node:internal/modules/cjs/loader:1218:27)
    at Module._extensions..js (node:internal/modules/cjs/loader:1308:10)
    at Module.load (node:internal/modules/cjs/loader:1117:32)
    at Module._load (node:internal/modules/cjs/loader:958:12)
    at Module.require (node:internal/modules/cjs/loader:1141:19)
    at Hook._require.Module.require (/usr/local/lib/node_modules/pm2/node_modules/require-in-the-middle/index.js:101:39)
    at require (node:internal/modules/cjs/helpers:110:18)
    at Object.<anonymous> (/Users/lishengmin/WeChatProjects/applet/Api/router.js:18:19)
/Users/lishengmin/WeChatProjects/applet/Api/user/user.js:31
    console.log('data1', da
                         ^^

SyntaxError: missing ) after argument list
    at internalCompileFunction (node:internal/vm:73:18)
    at wrapSafe (node:internal/modules/cjs/loader:1176:20)
    at Module._compile (node:internal/modules/cjs/loader:1218:27)
    at Module._extensions..js (node:internal/modules/cjs/loader:1308:10)
    at Module.load (node:internal/modules/cjs/loader:1117:32)
    at Module._load (node:internal/modules/cjs/loader:958:12)
    at Module.require (node:internal/modules/cjs/loader:1141:19)
    at Hook._require.Module.require (/usr/local/lib/node_modules/pm2/node_modules/require-in-the-middle/index.js:101:39)
    at require (node:internal/modules/cjs/helpers:110:18)
    at Object.<anonymous> (/Users/lishengmin/WeChatProjects/applet/Api/router.js:18:19)
/Users/lishengmin/WeChatProjects/applet/Api/user/user.js:31
    console.log('data1', da
                         ^^

SyntaxError: missing ) after argument list
    at internalCompileFunction (node:internal/vm:73:18)
    at wrapSafe (node:internal/modules/cjs/loader:1176:20)
    at Module._compile (node:internal/modules/cjs/loader:1218:27)
    at Module._extensions..js (node:internal/modules/cjs/loader:1308:10)
    at Module.load (node:internal/modules/cjs/loader:1117:32)
    at Module._load (node:internal/modules/cjs/loader:958:12)
    at Module.require (node:internal/modules/cjs/loader:1141:19)
    at Hook._require.Module.require (/usr/local/lib/node_modules/pm2/node_modules/require-in-the-middle/index.js:101:39)
    at require (node:internal/modules/cjs/helpers:110:18)
    at Object.<anonymous> (/Users/lishengmin/WeChatProjects/applet/Api/router.js:18:19)
/Users/lishengmin/WeChatProjects/applet/Api/user/user.js:31
    console.log('data1', da
                         ^^

SyntaxError: missing ) after argument list
    at internalCompileFunction (node:internal/vm:73:18)
    at wrapSafe (node:internal/modules/cjs/loader:1176:20)
    at Module._compile (node:internal/modules/cjs/loader:1218:27)
    at Module._extensions..js (node:internal/modules/cjs/loader:1308:10)
    at Module.load (node:internal/modules/cjs/loader:1117:32)
    at Module._load (node:internal/modules/cjs/loader:958:12)
    at Module.require (node:internal/modules/cjs/loader:1141:19)
    at Hook._require.Module.require (/usr/local/lib/node_modules/pm2/node_modules/require-in-the-middle/index.js:101:39)
    at require (node:internal/modules/cjs/helpers:110:18)
    at Object.<anonymous> (/Users/lishengmin/WeChatProjects/applet/Api/router.js:18:19)
/Users/lishengmin/WeChatProjects/applet/Api/user/user.js:31
    console.log('data1', da
                         ^^

SyntaxError: missing ) after argument list
    at internalCompileFunction (node:internal/vm:73:18)
    at wrapSafe (node:internal/modules/cjs/loader:1176:20)
    at Module._compile (node:internal/modules/cjs/loader:1218:27)
    at Module._extensions..js (node:internal/modules/cjs/loader:1308:10)
    at Module.load (node:internal/modules/cjs/loader:1117:32)
    at Module._load (node:internal/modules/cjs/loader:958:12)
    at Module.require (node:internal/modules/cjs/loader:1141:19)
    at Hook._require.Module.require (/usr/local/lib/node_modules/pm2/node_modules/require-in-the-middle/index.js:101:39)
    at require (node:internal/modules/cjs/helpers:110:18)
    at Object.<anonymous> (/Users/lishengmin/WeChatProjects/applet/Api/router.js:18:19)
/Users/lishengmin/WeChatProjects/applet/Api/user/user.js:31
    console.log('data1', da
                         ^^

SyntaxError: missing ) after argument list
    at internalCompileFunction (node:internal/vm:73:18)
    at wrapSafe (node:internal/modules/cjs/loader:1176:20)
    at Module._compile (node:internal/modules/cjs/loader:1218:27)
    at Module._extensions..js (node:internal/modules/cjs/loader:1308:10)
    at Module.load (node:internal/modules/cjs/loader:1117:32)
    at Module._load (node:internal/modules/cjs/loader:958:12)
    at Module.require (node:internal/modules/cjs/loader:1141:19)
    at Hook._require.Module.require (/usr/local/lib/node_modules/pm2/node_modules/require-in-the-middle/index.js:101:39)
    at require (node:internal/modules/cjs/helpers:110:18)
    at Object.<anonymous> (/Users/lishengmin/WeChatProjects/applet/Api/router.js:18:19)
/Users/lishengmin/WeChatProjects/applet/Api/user/user.js:31
    console.log('data1', da
                         ^^

SyntaxError: missing ) after argument list
    at internalCompileFunction (node:internal/vm:73:18)
    at wrapSafe (node:internal/modules/cjs/loader:1176:20)
    at Module._compile (node:internal/modules/cjs/loader:1218:27)
    at Module._extensions..js (node:internal/modules/cjs/loader:1308:10)
    at Module.load (node:internal/modules/cjs/loader:1117:32)
    at Module._load (node:internal/modules/cjs/loader:958:12)
    at Module.require (node:internal/modules/cjs/loader:1141:19)
    at Hook._require.Module.require (/usr/local/lib/node_modules/pm2/node_modules/require-in-the-middle/index.js:101:39)
    at require (node:internal/modules/cjs/helpers:110:18)
    at Object.<anonymous> (/Users/lishengmin/WeChatProjects/applet/Api/router.js:18:19)
/Users/lishengmin/WeChatProjects/applet/Api/user/user.js:31
    console.log('data1', da
                         ^^

SyntaxError: missing ) after argument list
    at internalCompileFunction (node:internal/vm:73:18)
    at wrapSafe (node:internal/modules/cjs/loader:1176:20)
    at Module._compile (node:internal/modules/cjs/loader:1218:27)
    at Module._extensions..js (node:internal/modules/cjs/loader:1308:10)
    at Module.load (node:internal/modules/cjs/loader:1117:32)
    at Module._load (node:internal/modules/cjs/loader:958:12)
    at Module.require (node:internal/modules/cjs/loader:1141:19)
    at Hook._require.Module.require (/usr/local/lib/node_modules/pm2/node_modules/require-in-the-middle/index.js:101:39)
    at require (node:internal/modules/cjs/helpers:110:18)
    at Object.<anonymous> (/Users/lishengmin/WeChatProjects/applet/Api/router.js:18:19)
/Users/lishengmin/WeChatProjects/applet/Api/user/user.js:31
    console.log('data1', da
                         ^^

SyntaxError: missing ) after argument list
    at internalCompileFunction (node:internal/vm:73:18)
    at wrapSafe (node:internal/modules/cjs/loader:1176:20)
    at Module._compile (node:internal/modules/cjs/loader:1218:27)
    at Module._extensions..js (node:internal/modules/cjs/loader:1308:10)
    at Module.load (node:internal/modules/cjs/loader:1117:32)
    at Module._load (node:internal/modules/cjs/loader:958:12)
    at Module.require (node:internal/modules/cjs/loader:1141:19)
    at Hook._require.Module.require (/usr/local/lib/node_modules/pm2/node_modules/require-in-the-middle/index.js:101:39)
    at require (node:internal/modules/cjs/helpers:110:18)
    at Object.<anonymous> (/Users/lishengmin/WeChatProjects/applet/Api/router.js:18:19)
2025-06-11T11:52:48: 登录查询失败: Error: Cannot enqueue Query after fatal error.
    at Protocol._validateEnqueue (/Users/lishengmin/WeChatProjects/applet/Api/node_modules/mysql/lib/protocol/Protocol.js:212:16)
    at Protocol._enqueue (/Users/lishengmin/WeChatProjects/applet/Api/node_modules/mysql/lib/protocol/Protocol.js:138:13)
    at Connection.query (/Users/lishengmin/WeChatProjects/applet/Api/node_modules/mysql/lib/Connection.js:198:25)
    at /Users/lishengmin/WeChatProjects/applet/Api/system/admin-auth.js:36:8
    at Layer.handle [as handle_request] (/Users/lishengmin/WeChatProjects/applet/Api/node_modules/express/lib/router/layer.js:95:5)
    at next (/Users/lishengmin/WeChatProjects/applet/Api/node_modules/express/lib/router/route.js:144:13)
    at Route.dispatch (/Users/lishengmin/WeChatProjects/applet/Api/node_modules/express/lib/router/route.js:114:3)
    at Layer.handle [as handle_request] (/Users/lishengmin/WeChatProjects/applet/Api/node_modules/express/lib/router/layer.js:95:5)
    at /Users/lishengmin/WeChatProjects/applet/Api/node_modules/express/lib/router/index.js:284:15
    at Function.process_params (/Users/lishengmin/WeChatProjects/applet/Api/node_modules/express/lib/router/index.js:346:12) {
  code: 'PROTOCOL_ENQUEUE_AFTER_FATAL_ERROR',
  fatal: false
}
2025-06-11T11:55:33: 登录查询失败: Error: ER_NO_SUCH_TABLE: Table 'db.administrators' doesn't exist
    at Sequence._packetToError (/Users/lishengmin/WeChatProjects/applet/Api/node_modules/mysql/lib/protocol/sequences/Sequence.js:47:14)
    at Query.ErrorPacket (/Users/lishengmin/WeChatProjects/applet/Api/node_modules/mysql/lib/protocol/sequences/Query.js:79:18)
    at Protocol._parsePacket (/Users/lishengmin/WeChatProjects/applet/Api/node_modules/mysql/lib/protocol/Protocol.js:291:23)
    at Parser._parsePacket (/Users/lishengmin/WeChatProjects/applet/Api/node_modules/mysql/lib/protocol/Parser.js:433:10)
    at Parser.write (/Users/lishengmin/WeChatProjects/applet/Api/node_modules/mysql/lib/protocol/Parser.js:43:10)
    at Protocol.write (/Users/lishengmin/WeChatProjects/applet/Api/node_modules/mysql/lib/protocol/Protocol.js:38:16)
    at Socket.<anonymous> (/Users/lishengmin/WeChatProjects/applet/Api/node_modules/mysql/lib/Connection.js:88:28)
    at Socket.<anonymous> (/Users/lishengmin/WeChatProjects/applet/Api/node_modules/mysql/lib/Connection.js:526:10)
    at Socket.emit (node:events:513:28)
    at addChunk (node:internal/streams/readable:324:12)
    --------------------
    at Protocol._enqueue (/Users/lishengmin/WeChatProjects/applet/Api/node_modules/mysql/lib/protocol/Protocol.js:144:48)
    at Connection.query (/Users/lishengmin/WeChatProjects/applet/Api/node_modules/mysql/lib/Connection.js:198:25)
    at /Users/lishengmin/WeChatProjects/applet/Api/system/admin-auth.js:36:8
    at Layer.handle [as handle_request] (/Users/lishengmin/WeChatProjects/applet/Api/node_modules/express/lib/router/layer.js:95:5)
    at next (/Users/lishengmin/WeChatProjects/applet/Api/node_modules/express/lib/router/route.js:144:13)
    at Route.dispatch (/Users/lishengmin/WeChatProjects/applet/Api/node_modules/express/lib/router/route.js:114:3)
    at Layer.handle [as handle_request] (/Users/lishengmin/WeChatProjects/applet/Api/node_modules/express/lib/router/layer.js:95:5)
    at /Users/lishengmin/WeChatProjects/applet/Api/node_modules/express/lib/router/index.js:284:15
    at Function.process_params (/Users/lishengmin/WeChatProjects/applet/Api/node_modules/express/lib/router/index.js:346:12)
    at next (/Users/lishengmin/WeChatProjects/applet/Api/node_modules/express/lib/router/index.js:280:10) {
  code: 'ER_NO_SUCH_TABLE',
  errno: 1146,
  sqlMessage: "Table 'db.administrators' doesn't exist",
  sqlState: '42S02',
  index: 0,
  sql: 'SELECT id, admin_name, username, email, role, permissions, status \n' +
    '                 FROM administrators \n' +
    "                 WHERE username = 'superadmin' AND password = '4fc4da9ea8c78dcf12af41a760c6935a'"
}
2025-06-11T14:51:03: 登录查询失败: Error: read ETIMEDOUT
    at TCP.onStreamRead (node:internal/stream_base_commons:217:20)
    --------------------
    at Protocol._enqueue (/Users/lishengmin/WeChatProjects/applet/Api/node_modules/mysql/lib/protocol/Protocol.js:144:48)
    at Connection.query (/Users/lishengmin/WeChatProjects/applet/Api/node_modules/mysql/lib/Connection.js:198:25)
    at /Users/lishengmin/WeChatProjects/applet/Api/system/admin-auth.js:36:8
    at Layer.handle [as handle_request] (/Users/lishengmin/WeChatProjects/applet/Api/node_modules/express/lib/router/layer.js:95:5)
    at next (/Users/lishengmin/WeChatProjects/applet/Api/node_modules/express/lib/router/route.js:144:13)
    at Route.dispatch (/Users/lishengmin/WeChatProjects/applet/Api/node_modules/express/lib/router/route.js:114:3)
    at Layer.handle [as handle_request] (/Users/lishengmin/WeChatProjects/applet/Api/node_modules/express/lib/router/layer.js:95:5)
    at /Users/lishengmin/WeChatProjects/applet/Api/node_modules/express/lib/router/index.js:284:15
    at Function.process_params (/Users/lishengmin/WeChatProjects/applet/Api/node_modules/express/lib/router/index.js:346:12)
    at next (/Users/lishengmin/WeChatProjects/applet/Api/node_modules/express/lib/router/index.js:280:10) {
  errno: -60,
  code: 'ETIMEDOUT',
  syscall: 'read',
  fatal: true
}
2025-06-12T08:45:00: 查询工具总数失败: Error: read ECONNRESET
    at TCP.onStreamRead (node:internal/stream_base_commons:217:20)
    --------------------
    at Protocol._enqueue (/Users/lishengmin/WeChatProjects/applet/Api/node_modules/mysql/lib/protocol/Protocol.js:144:48)
    at Connection.query (/Users/lishengmin/WeChatProjects/applet/Api/node_modules/mysql/lib/Connection.js:198:25)
    at /Users/lishengmin/WeChatProjects/applet/Api/system/tools-crud.js:52:8
    at Layer.handle [as handle_request] (/Users/lishengmin/WeChatProjects/applet/Api/node_modules/express/lib/router/layer.js:95:5)
    at next (/Users/lishengmin/WeChatProjects/applet/Api/node_modules/express/lib/router/route.js:144:13)
    at Route.dispatch (/Users/lishengmin/WeChatProjects/applet/Api/node_modules/express/lib/router/route.js:114:3)
    at Layer.handle [as handle_request] (/Users/lishengmin/WeChatProjects/applet/Api/node_modules/express/lib/router/layer.js:95:5)
    at /Users/lishengmin/WeChatProjects/applet/Api/node_modules/express/lib/router/index.js:284:15
    at Function.process_params (/Users/lishengmin/WeChatProjects/applet/Api/node_modules/express/lib/router/index.js:346:12)
    at next (/Users/lishengmin/WeChatProjects/applet/Api/node_modules/express/lib/router/index.js:280:10) {
  errno: -54,
  code: 'ECONNRESET',
  syscall: 'read',
  fatal: true
}
2025-06-12T14:01:51: 查询工具总数失败: Error: read ECONNRESET
    at TCP.onStreamRead (node:internal/stream_base_commons:217:20)
    --------------------
    at Protocol._enqueue (/Users/lishengmin/WeChatProjects/applet/Api/node_modules/mysql/lib/protocol/Protocol.js:144:48)
    at Connection.query (/Users/lishengmin/WeChatProjects/applet/Api/node_modules/mysql/lib/Connection.js:198:25)
    at /Users/lishengmin/WeChatProjects/applet/Api/system/tools-crud.js:52:8
    at Layer.handle [as handle_request] (/Users/lishengmin/WeChatProjects/applet/Api/node_modules/express/lib/router/layer.js:95:5)
    at next (/Users/lishengmin/WeChatProjects/applet/Api/node_modules/express/lib/router/route.js:144:13)
    at Route.dispatch (/Users/lishengmin/WeChatProjects/applet/Api/node_modules/express/lib/router/route.js:114:3)
    at Layer.handle [as handle_request] (/Users/lishengmin/WeChatProjects/applet/Api/node_modules/express/lib/router/layer.js:95:5)
    at /Users/lishengmin/WeChatProjects/applet/Api/node_modules/express/lib/router/index.js:284:15
    at Function.process_params (/Users/lishengmin/WeChatProjects/applet/Api/node_modules/express/lib/router/index.js:346:12)
    at next (/Users/lishengmin/WeChatProjects/applet/Api/node_modules/express/lib/router/index.js:280:10) {
  errno: -54,
  code: 'ECONNRESET',
  syscall: 'read',
  fatal: true
}
2025-06-12T14:01:51: 查询工具总数失败: Error: Cannot enqueue Query after fatal error.
    at Protocol._validateEnqueue (/Users/lishengmin/WeChatProjects/applet/Api/node_modules/mysql/lib/protocol/Protocol.js:212:16)
    at Protocol._enqueue (/Users/lishengmin/WeChatProjects/applet/Api/node_modules/mysql/lib/protocol/Protocol.js:138:13)
    at Connection.query (/Users/lishengmin/WeChatProjects/applet/Api/node_modules/mysql/lib/Connection.js:198:25)
    at /Users/lishengmin/WeChatProjects/applet/Api/system/tools-crud.js:52:8
    at Layer.handle [as handle_request] (/Users/lishengmin/WeChatProjects/applet/Api/node_modules/express/lib/router/layer.js:95:5)
    at next (/Users/lishengmin/WeChatProjects/applet/Api/node_modules/express/lib/router/route.js:144:13)
    at Route.dispatch (/Users/lishengmin/WeChatProjects/applet/Api/node_modules/express/lib/router/route.js:114:3)
    at Layer.handle [as handle_request] (/Users/lishengmin/WeChatProjects/applet/Api/node_modules/express/lib/router/layer.js:95:5)
    at /Users/lishengmin/WeChatProjects/applet/Api/node_modules/express/lib/router/index.js:284:15
    at Function.process_params (/Users/lishengmin/WeChatProjects/applet/Api/node_modules/express/lib/router/index.js:346:12) {
  code: 'PROTOCOL_ENQUEUE_AFTER_FATAL_ERROR',
  fatal: false
}
2025-06-12T14:01:58: 查询工具总数失败: Error: Cannot enqueue Query after fatal error.
    at Protocol._validateEnqueue (/Users/lishengmin/WeChatProjects/applet/Api/node_modules/mysql/lib/protocol/Protocol.js:212:16)
    at Protocol._enqueue (/Users/lishengmin/WeChatProjects/applet/Api/node_modules/mysql/lib/protocol/Protocol.js:138:13)
    at Connection.query (/Users/lishengmin/WeChatProjects/applet/Api/node_modules/mysql/lib/Connection.js:198:25)
    at /Users/lishengmin/WeChatProjects/applet/Api/system/tools-crud.js:52:8
    at Layer.handle [as handle_request] (/Users/lishengmin/WeChatProjects/applet/Api/node_modules/express/lib/router/layer.js:95:5)
    at next (/Users/lishengmin/WeChatProjects/applet/Api/node_modules/express/lib/router/route.js:144:13)
    at Route.dispatch (/Users/lishengmin/WeChatProjects/applet/Api/node_modules/express/lib/router/route.js:114:3)
    at Layer.handle [as handle_request] (/Users/lishengmin/WeChatProjects/applet/Api/node_modules/express/lib/router/layer.js:95:5)
    at /Users/lishengmin/WeChatProjects/applet/Api/node_modules/express/lib/router/index.js:284:15
    at Function.process_params (/Users/lishengmin/WeChatProjects/applet/Api/node_modules/express/lib/router/index.js:346:12) {
  code: 'PROTOCOL_ENQUEUE_AFTER_FATAL_ERROR',
  fatal: false
}
2025-06-12T14:02:23: 查询工具总数失败: Error: Cannot enqueue Query after fatal error.
    at Protocol._validateEnqueue (/Users/lishengmin/WeChatProjects/applet/Api/node_modules/mysql/lib/protocol/Protocol.js:212:16)
    at Protocol._enqueue (/Users/lishengmin/WeChatProjects/applet/Api/node_modules/mysql/lib/protocol/Protocol.js:138:13)
    at Connection.query (/Users/lishengmin/WeChatProjects/applet/Api/node_modules/mysql/lib/Connection.js:198:25)
    at /Users/lishengmin/WeChatProjects/applet/Api/system/tools-crud.js:52:8
    at Layer.handle [as handle_request] (/Users/lishengmin/WeChatProjects/applet/Api/node_modules/express/lib/router/layer.js:95:5)
    at next (/Users/lishengmin/WeChatProjects/applet/Api/node_modules/express/lib/router/route.js:144:13)
    at Route.dispatch (/Users/lishengmin/WeChatProjects/applet/Api/node_modules/express/lib/router/route.js:114:3)
    at Layer.handle [as handle_request] (/Users/lishengmin/WeChatProjects/applet/Api/node_modules/express/lib/router/layer.js:95:5)
    at /Users/lishengmin/WeChatProjects/applet/Api/node_modules/express/lib/router/index.js:284:15
    at Function.process_params (/Users/lishengmin/WeChatProjects/applet/Api/node_modules/express/lib/router/index.js:346:12) {
  code: 'PROTOCOL_ENQUEUE_AFTER_FATAL_ERROR',
  fatal: false
}
2025-06-12T14:02:23: 查询工具总数失败: Error: Cannot enqueue Query after fatal error.
    at Protocol._validateEnqueue (/Users/lishengmin/WeChatProjects/applet/Api/node_modules/mysql/lib/protocol/Protocol.js:212:16)
    at Protocol._enqueue (/Users/lishengmin/WeChatProjects/applet/Api/node_modules/mysql/lib/protocol/Protocol.js:138:13)
    at Connection.query (/Users/lishengmin/WeChatProjects/applet/Api/node_modules/mysql/lib/Connection.js:198:25)
    at /Users/lishengmin/WeChatProjects/applet/Api/system/tools-crud.js:52:8
    at Layer.handle [as handle_request] (/Users/lishengmin/WeChatProjects/applet/Api/node_modules/express/lib/router/layer.js:95:5)
    at next (/Users/lishengmin/WeChatProjects/applet/Api/node_modules/express/lib/router/route.js:144:13)
    at Route.dispatch (/Users/lishengmin/WeChatProjects/applet/Api/node_modules/express/lib/router/route.js:114:3)
    at Layer.handle [as handle_request] (/Users/lishengmin/WeChatProjects/applet/Api/node_modules/express/lib/router/layer.js:95:5)
    at /Users/lishengmin/WeChatProjects/applet/Api/node_modules/express/lib/router/index.js:284:15
    at Function.process_params (/Users/lishengmin/WeChatProjects/applet/Api/node_modules/express/lib/router/index.js:346:12) {
  code: 'PROTOCOL_ENQUEUE_AFTER_FATAL_ERROR',
  fatal: false
}
2025-06-12T14:44:55: 查询工具总数失败: Error: Cannot enqueue Query after fatal error.
    at Protocol._validateEnqueue (/Users/lishengmin/WeChatProjects/applet/Api/node_modules/mysql/lib/protocol/Protocol.js:212:16)
    at Protocol._enqueue (/Users/lishengmin/WeChatProjects/applet/Api/node_modules/mysql/lib/protocol/Protocol.js:138:13)
    at Connection.query (/Users/lishengmin/WeChatProjects/applet/Api/node_modules/mysql/lib/Connection.js:198:25)
    at /Users/lishengmin/WeChatProjects/applet/Api/system/tools-crud.js:52:8
    at Layer.handle [as handle_request] (/Users/lishengmin/WeChatProjects/applet/Api/node_modules/express/lib/router/layer.js:95:5)
    at next (/Users/lishengmin/WeChatProjects/applet/Api/node_modules/express/lib/router/route.js:144:13)
    at Route.dispatch (/Users/lishengmin/WeChatProjects/applet/Api/node_modules/express/lib/router/route.js:114:3)
    at Layer.handle [as handle_request] (/Users/lishengmin/WeChatProjects/applet/Api/node_modules/express/lib/router/layer.js:95:5)
    at /Users/lishengmin/WeChatProjects/applet/Api/node_modules/express/lib/router/index.js:284:15
    at Function.process_params (/Users/lishengmin/WeChatProjects/applet/Api/node_modules/express/lib/router/index.js:346:12) {
  code: 'PROTOCOL_ENQUEUE_AFTER_FATAL_ERROR',
  fatal: false
}
2025-06-12T14:57:22: 获取管理员信息失败: Error: Cannot enqueue Query after fatal error.
    at Protocol._validateEnqueue (/Users/lishengmin/WeChatProjects/applet/Api/node_modules/mysql/lib/protocol/Protocol.js:212:16)
    at Protocol._enqueue (/Users/lishengmin/WeChatProjects/applet/Api/node_modules/mysql/lib/protocol/Protocol.js:138:13)
    at Connection.query (/Users/lishengmin/WeChatProjects/applet/Api/node_modules/mysql/lib/Connection.js:198:25)
    at /Users/lishengmin/WeChatProjects/applet/Api/system/admin-auth.js:98:8
    at Layer.handle [as handle_request] (/Users/lishengmin/WeChatProjects/applet/Api/node_modules/express/lib/router/layer.js:95:5)
    at next (/Users/lishengmin/WeChatProjects/applet/Api/node_modules/express/lib/router/route.js:144:13)
    at Route.dispatch (/Users/lishengmin/WeChatProjects/applet/Api/node_modules/express/lib/router/route.js:114:3)
    at Layer.handle [as handle_request] (/Users/lishengmin/WeChatProjects/applet/Api/node_modules/express/lib/router/layer.js:95:5)
    at /Users/lishengmin/WeChatProjects/applet/Api/node_modules/express/lib/router/index.js:284:15
    at Function.process_params (/Users/lishengmin/WeChatProjects/applet/Api/node_modules/express/lib/router/index.js:346:12) {
  code: 'PROTOCOL_ENQUEUE_AFTER_FATAL_ERROR',
  fatal: false
}
2025-06-13T14:29:22: 获取管理员信息失败: Error: read ECONNRESET
    at TCP.onStreamRead (node:internal/stream_base_commons:217:20)
    --------------------
    at Protocol._enqueue (/Users/lishengmin/WeChatProjects/applet/Api/node_modules/mysql/lib/protocol/Protocol.js:144:48)
    at Connection.query (/Users/lishengmin/WeChatProjects/applet/Api/node_modules/mysql/lib/Connection.js:198:25)
    at /Users/lishengmin/WeChatProjects/applet/Api/system/admin-auth.js:98:8
    at Layer.handle [as handle_request] (/Users/lishengmin/WeChatProjects/applet/Api/node_modules/express/lib/router/layer.js:95:5)
    at next (/Users/lishengmin/WeChatProjects/applet/Api/node_modules/express/lib/router/route.js:144:13)
    at Route.dispatch (/Users/lishengmin/WeChatProjects/applet/Api/node_modules/express/lib/router/route.js:114:3)
    at Layer.handle [as handle_request] (/Users/lishengmin/WeChatProjects/applet/Api/node_modules/express/lib/router/layer.js:95:5)
    at /Users/lishengmin/WeChatProjects/applet/Api/node_modules/express/lib/router/index.js:284:15
    at Function.process_params (/Users/lishengmin/WeChatProjects/applet/Api/node_modules/express/lib/router/index.js:346:12)
    at next (/Users/lishengmin/WeChatProjects/applet/Api/node_modules/express/lib/router/index.js:280:10) {
  errno: -54,
  code: 'ECONNRESET',
  syscall: 'read',
  fatal: true
}
2025-06-13T16:00:18: 获取管理员信息失败: Error: Cannot enqueue Query after fatal error.
    at Protocol._validateEnqueue (/Users/lishengmin/WeChatProjects/applet/Api/node_modules/mysql/lib/protocol/Protocol.js:212:16)
    at Protocol._enqueue (/Users/lishengmin/WeChatProjects/applet/Api/node_modules/mysql/lib/protocol/Protocol.js:138:13)
    at Connection.query (/Users/lishengmin/WeChatProjects/applet/Api/node_modules/mysql/lib/Connection.js:198:25)
    at /Users/lishengmin/WeChatProjects/applet/Api/system/admin-auth.js:98:8
    at Layer.handle [as handle_request] (/Users/lishengmin/WeChatProjects/applet/Api/node_modules/express/lib/router/layer.js:95:5)
    at next (/Users/lishengmin/WeChatProjects/applet/Api/node_modules/express/lib/router/route.js:144:13)
    at Route.dispatch (/Users/lishengmin/WeChatProjects/applet/Api/node_modules/express/lib/router/route.js:114:3)
    at Layer.handle [as handle_request] (/Users/lishengmin/WeChatProjects/applet/Api/node_modules/express/lib/router/layer.js:95:5)
    at /Users/lishengmin/WeChatProjects/applet/Api/node_modules/express/lib/router/index.js:284:15
    at Function.process_params (/Users/lishengmin/WeChatProjects/applet/Api/node_modules/express/lib/router/index.js:346:12) {
  code: 'PROTOCOL_ENQUEUE_AFTER_FATAL_ERROR',
  fatal: false
}
2025-06-13T16:06:10: 获取管理员信息失败: Error: Cannot enqueue Query after fatal error.
    at Protocol._validateEnqueue (/Users/lishengmin/WeChatProjects/applet/Api/node_modules/mysql/lib/protocol/Protocol.js:212:16)
    at Protocol._enqueue (/Users/lishengmin/WeChatProjects/applet/Api/node_modules/mysql/lib/protocol/Protocol.js:138:13)
    at Connection.query (/Users/lishengmin/WeChatProjects/applet/Api/node_modules/mysql/lib/Connection.js:198:25)
    at /Users/lishengmin/WeChatProjects/applet/Api/system/admin-auth.js:98:8
    at Layer.handle [as handle_request] (/Users/lishengmin/WeChatProjects/applet/Api/node_modules/express/lib/router/layer.js:95:5)
    at next (/Users/lishengmin/WeChatProjects/applet/Api/node_modules/express/lib/router/route.js:144:13)
    at Route.dispatch (/Users/lishengmin/WeChatProjects/applet/Api/node_modules/express/lib/router/route.js:114:3)
    at Layer.handle [as handle_request] (/Users/lishengmin/WeChatProjects/applet/Api/node_modules/express/lib/router/layer.js:95:5)
    at /Users/lishengmin/WeChatProjects/applet/Api/node_modules/express/lib/router/index.js:284:15
    at Function.process_params (/Users/lishengmin/WeChatProjects/applet/Api/node_modules/express/lib/router/index.js:346:12) {
  code: 'PROTOCOL_ENQUEUE_AFTER_FATAL_ERROR',
  fatal: false
}
2025-06-13T16:06:32: 获取管理员信息失败: Error: Cannot enqueue Query after fatal error.
    at Protocol._validateEnqueue (/Users/lishengmin/WeChatProjects/applet/Api/node_modules/mysql/lib/protocol/Protocol.js:212:16)
    at Protocol._enqueue (/Users/lishengmin/WeChatProjects/applet/Api/node_modules/mysql/lib/protocol/Protocol.js:138:13)
    at Connection.query (/Users/lishengmin/WeChatProjects/applet/Api/node_modules/mysql/lib/Connection.js:198:25)
    at /Users/lishengmin/WeChatProjects/applet/Api/system/admin-auth.js:98:8
    at Layer.handle [as handle_request] (/Users/lishengmin/WeChatProjects/applet/Api/node_modules/express/lib/router/layer.js:95:5)
    at next (/Users/lishengmin/WeChatProjects/applet/Api/node_modules/express/lib/router/route.js:144:13)
    at Route.dispatch (/Users/lishengmin/WeChatProjects/applet/Api/node_modules/express/lib/router/route.js:114:3)
    at Layer.handle [as handle_request] (/Users/lishengmin/WeChatProjects/applet/Api/node_modules/express/lib/router/layer.js:95:5)
    at /Users/lishengmin/WeChatProjects/applet/Api/node_modules/express/lib/router/index.js:284:15
    at Function.process_params (/Users/lishengmin/WeChatProjects/applet/Api/node_modules/express/lib/router/index.js:346:12) {
  code: 'PROTOCOL_ENQUEUE_AFTER_FATAL_ERROR',
  fatal: false
}
2025-06-13T16:07:28: 获取管理员信息失败: Error: Cannot enqueue Query after fatal error.
    at Protocol._validateEnqueue (/Users/lishengmin/WeChatProjects/applet/Api/node_modules/mysql/lib/protocol/Protocol.js:212:16)
    at Protocol._enqueue (/Users/lishengmin/WeChatProjects/applet/Api/node_modules/mysql/lib/protocol/Protocol.js:138:13)
    at Connection.query (/Users/lishengmin/WeChatProjects/applet/Api/node_modules/mysql/lib/Connection.js:198:25)
    at /Users/lishengmin/WeChatProjects/applet/Api/system/admin-auth.js:98:8
    at Layer.handle [as handle_request] (/Users/lishengmin/WeChatProjects/applet/Api/node_modules/express/lib/router/layer.js:95:5)
    at next (/Users/lishengmin/WeChatProjects/applet/Api/node_modules/express/lib/router/route.js:144:13)
    at Route.dispatch (/Users/lishengmin/WeChatProjects/applet/Api/node_modules/express/lib/router/route.js:114:3)
    at Layer.handle [as handle_request] (/Users/lishengmin/WeChatProjects/applet/Api/node_modules/express/lib/router/layer.js:95:5)
    at /Users/lishengmin/WeChatProjects/applet/Api/node_modules/express/lib/router/index.js:284:15
    at Function.process_params (/Users/lishengmin/WeChatProjects/applet/Api/node_modules/express/lib/router/index.js:346:12) {
  code: 'PROTOCOL_ENQUEUE_AFTER_FATAL_ERROR',
  fatal: false
}
2025-06-13T16:08:09: 获取管理员信息失败: Error: Cannot enqueue Query after fatal error.
    at Protocol._validateEnqueue (/Users/lishengmin/WeChatProjects/applet/Api/node_modules/mysql/lib/protocol/Protocol.js:212:16)
    at Protocol._enqueue (/Users/lishengmin/WeChatProjects/applet/Api/node_modules/mysql/lib/protocol/Protocol.js:138:13)
    at Connection.query (/Users/lishengmin/WeChatProjects/applet/Api/node_modules/mysql/lib/Connection.js:198:25)
    at /Users/lishengmin/WeChatProjects/applet/Api/system/admin-auth.js:98:8
    at Layer.handle [as handle_request] (/Users/lishengmin/WeChatProjects/applet/Api/node_modules/express/lib/router/layer.js:95:5)
    at next (/Users/lishengmin/WeChatProjects/applet/Api/node_modules/express/lib/router/route.js:144:13)
    at Route.dispatch (/Users/lishengmin/WeChatProjects/applet/Api/node_modules/express/lib/router/route.js:114:3)
    at Layer.handle [as handle_request] (/Users/lishengmin/WeChatProjects/applet/Api/node_modules/express/lib/router/layer.js:95:5)
    at /Users/lishengmin/WeChatProjects/applet/Api/node_modules/express/lib/router/index.js:284:15
    at Function.process_params (/Users/lishengmin/WeChatProjects/applet/Api/node_modules/express/lib/router/index.js:346:12) {
  code: 'PROTOCOL_ENQUEUE_AFTER_FATAL_ERROR',
  fatal: false
}
2025-06-16T15:40:14: 查询分类总数失败: Error: ER_NO_SUCH_TABLE: Table 'db.tool_categories' doesn't exist
    at Sequence._packetToError (/Users/lishengmin/WeChatProjects/applet/Api/node_modules/mysql/lib/protocol/sequences/Sequence.js:47:14)
    at Query.ErrorPacket (/Users/lishengmin/WeChatProjects/applet/Api/node_modules/mysql/lib/protocol/sequences/Query.js:79:18)
    at Protocol._parsePacket (/Users/lishengmin/WeChatProjects/applet/Api/node_modules/mysql/lib/protocol/Protocol.js:291:23)
    at Parser._parsePacket (/Users/lishengmin/WeChatProjects/applet/Api/node_modules/mysql/lib/protocol/Parser.js:433:10)
    at Parser.write (/Users/lishengmin/WeChatProjects/applet/Api/node_modules/mysql/lib/protocol/Parser.js:43:10)
    at Protocol.write (/Users/lishengmin/WeChatProjects/applet/Api/node_modules/mysql/lib/protocol/Protocol.js:38:16)
    at Socket.<anonymous> (/Users/lishengmin/WeChatProjects/applet/Api/node_modules/mysql/lib/Connection.js:88:28)
    at Socket.<anonymous> (/Users/lishengmin/WeChatProjects/applet/Api/node_modules/mysql/lib/Connection.js:526:10)
    at Socket.emit (node:events:513:28)
    at addChunk (node:internal/streams/readable:324:12)
    --------------------
    at Protocol._enqueue (/Users/lishengmin/WeChatProjects/applet/Api/node_modules/mysql/lib/protocol/Protocol.js:144:48)
    at Connection.query (/Users/lishengmin/WeChatProjects/applet/Api/node_modules/mysql/lib/Connection.js:198:25)
    at /Users/lishengmin/WeChatProjects/applet/Api/system/categories-crud.js:46:8
    at Layer.handle [as handle_request] (/Users/lishengmin/WeChatProjects/applet/Api/node_modules/express/lib/router/layer.js:95:5)
    at next (/Users/lishengmin/WeChatProjects/applet/Api/node_modules/express/lib/router/route.js:144:13)
    at Route.dispatch (/Users/lishengmin/WeChatProjects/applet/Api/node_modules/express/lib/router/route.js:114:3)
    at Layer.handle [as handle_request] (/Users/lishengmin/WeChatProjects/applet/Api/node_modules/express/lib/router/layer.js:95:5)
    at /Users/lishengmin/WeChatProjects/applet/Api/node_modules/express/lib/router/index.js:284:15
    at Function.process_params (/Users/lishengmin/WeChatProjects/applet/Api/node_modules/express/lib/router/index.js:346:12)
    at next (/Users/lishengmin/WeChatProjects/applet/Api/node_modules/express/lib/router/index.js:280:10) {
  code: 'ER_NO_SUCH_TABLE',
  errno: 1146,
  sqlMessage: "Table 'db.tool_categories' doesn't exist",
  sqlState: '42S02',
  index: 0,
  sql: 'SELECT COUNT(*) as total FROM tool_categories '
}
2025-06-16T15:40:38: 查询分类选项失败: Error: ER_NO_SUCH_TABLE: Table 'db.tool_categories' doesn't exist
    at Sequence._packetToError (/Users/lishengmin/WeChatProjects/applet/Api/node_modules/mysql/lib/protocol/sequences/Sequence.js:47:14)
    at Query.ErrorPacket (/Users/lishengmin/WeChatProjects/applet/Api/node_modules/mysql/lib/protocol/sequences/Query.js:79:18)
    at Protocol._parsePacket (/Users/lishengmin/WeChatProjects/applet/Api/node_modules/mysql/lib/protocol/Protocol.js:291:23)
    at Parser._parsePacket (/Users/lishengmin/WeChatProjects/applet/Api/node_modules/mysql/lib/protocol/Parser.js:433:10)
    at Parser.write (/Users/lishengmin/WeChatProjects/applet/Api/node_modules/mysql/lib/protocol/Parser.js:43:10)
    at Protocol.write (/Users/lishengmin/WeChatProjects/applet/Api/node_modules/mysql/lib/protocol/Protocol.js:38:16)
    at Socket.<anonymous> (/Users/lishengmin/WeChatProjects/applet/Api/node_modules/mysql/lib/Connection.js:88:28)
    at Socket.<anonymous> (/Users/lishengmin/WeChatProjects/applet/Api/node_modules/mysql/lib/Connection.js:526:10)
    at Socket.emit (node:events:513:28)
    at addChunk (node:internal/streams/readable:324:12)
    --------------------
    at Protocol._enqueue (/Users/lishengmin/WeChatProjects/applet/Api/node_modules/mysql/lib/protocol/Protocol.js:144:48)
    at Connection.query (/Users/lishengmin/WeChatProjects/applet/Api/node_modules/mysql/lib/Connection.js:198:25)
    at /Users/lishengmin/WeChatProjects/applet/Api/system/categories-crud.js:81:8
    at Layer.handle [as handle_request] (/Users/lishengmin/WeChatProjects/applet/Api/node_modules/express/lib/router/layer.js:95:5)
    at next (/Users/lishengmin/WeChatProjects/applet/Api/node_modules/express/lib/router/route.js:144:13)
    at Route.dispatch (/Users/lishengmin/WeChatProjects/applet/Api/node_modules/express/lib/router/route.js:114:3)
    at Layer.handle [as handle_request] (/Users/lishengmin/WeChatProjects/applet/Api/node_modules/express/lib/router/layer.js:95:5)
    at /Users/lishengmin/WeChatProjects/applet/Api/node_modules/express/lib/router/index.js:284:15
    at Function.process_params (/Users/lishengmin/WeChatProjects/applet/Api/node_modules/express/lib/router/index.js:346:12)
    at next (/Users/lishengmin/WeChatProjects/applet/Api/node_modules/express/lib/router/index.js:280:10) {
  code: 'ER_NO_SUCH_TABLE',
  errno: 1146,
  sqlMessage: "Table 'db.tool_categories' doesn't exist",
  sqlState: '42S02',
  index: 0,
  sql: 'SELECT id as value, name as label FROM tool_categories WHERE status = 1 ORDER BY sort_order ASC, id ASC'
}
2025-06-16T15:40:47: 查询分类选项失败: Error: ER_NO_SUCH_TABLE: Table 'db.tool_categories' doesn't exist
    at Sequence._packetToError (/Users/lishengmin/WeChatProjects/applet/Api/node_modules/mysql/lib/protocol/sequences/Sequence.js:47:14)
    at Query.ErrorPacket (/Users/lishengmin/WeChatProjects/applet/Api/node_modules/mysql/lib/protocol/sequences/Query.js:79:18)
    at Protocol._parsePacket (/Users/lishengmin/WeChatProjects/applet/Api/node_modules/mysql/lib/protocol/Protocol.js:291:23)
    at Parser._parsePacket (/Users/lishengmin/WeChatProjects/applet/Api/node_modules/mysql/lib/protocol/Parser.js:433:10)
    at Parser.write (/Users/lishengmin/WeChatProjects/applet/Api/node_modules/mysql/lib/protocol/Parser.js:43:10)
    at Protocol.write (/Users/lishengmin/WeChatProjects/applet/Api/node_modules/mysql/lib/protocol/Protocol.js:38:16)
    at Socket.<anonymous> (/Users/lishengmin/WeChatProjects/applet/Api/node_modules/mysql/lib/Connection.js:88:28)
    at Socket.<anonymous> (/Users/lishengmin/WeChatProjects/applet/Api/node_modules/mysql/lib/Connection.js:526:10)
    at Socket.emit (node:events:513:28)
    at addChunk (node:internal/streams/readable:324:12)
    --------------------
    at Protocol._enqueue (/Users/lishengmin/WeChatProjects/applet/Api/node_modules/mysql/lib/protocol/Protocol.js:144:48)
    at Connection.query (/Users/lishengmin/WeChatProjects/applet/Api/node_modules/mysql/lib/Connection.js:198:25)
    at /Users/lishengmin/WeChatProjects/applet/Api/system/categories-crud.js:81:8
    at Layer.handle [as handle_request] (/Users/lishengmin/WeChatProjects/applet/Api/node_modules/express/lib/router/layer.js:95:5)
    at next (/Users/lishengmin/WeChatProjects/applet/Api/node_modules/express/lib/router/route.js:144:13)
    at Route.dispatch (/Users/lishengmin/WeChatProjects/applet/Api/node_modules/express/lib/router/route.js:114:3)
    at Layer.handle [as handle_request] (/Users/lishengmin/WeChatProjects/applet/Api/node_modules/express/lib/router/layer.js:95:5)
    at /Users/lishengmin/WeChatProjects/applet/Api/node_modules/express/lib/router/index.js:284:15
    at Function.process_params (/Users/lishengmin/WeChatProjects/applet/Api/node_modules/express/lib/router/index.js:346:12)
    at next (/Users/lishengmin/WeChatProjects/applet/Api/node_modules/express/lib/router/index.js:280:10) {
  code: 'ER_NO_SUCH_TABLE',
  errno: 1146,
  sqlMessage: "Table 'db.tool_categories' doesn't exist",
  sqlState: '42S02',
  index: 0,
  sql: 'SELECT id as value, name as label FROM tool_categories WHERE status = 1 ORDER BY sort_order ASC, id ASC'
}
2025-06-16T15:40:47: 查询分类选项失败: Error: ER_NO_SUCH_TABLE: Table 'db.tool_categories' doesn't exist
    at Sequence._packetToError (/Users/lishengmin/WeChatProjects/applet/Api/node_modules/mysql/lib/protocol/sequences/Sequence.js:47:14)
    at Query.ErrorPacket (/Users/lishengmin/WeChatProjects/applet/Api/node_modules/mysql/lib/protocol/sequences/Query.js:79:18)
    at Protocol._parsePacket (/Users/lishengmin/WeChatProjects/applet/Api/node_modules/mysql/lib/protocol/Protocol.js:291:23)
    at Parser._parsePacket (/Users/lishengmin/WeChatProjects/applet/Api/node_modules/mysql/lib/protocol/Parser.js:433:10)
    at Parser.write (/Users/lishengmin/WeChatProjects/applet/Api/node_modules/mysql/lib/protocol/Parser.js:43:10)
    at Protocol.write (/Users/lishengmin/WeChatProjects/applet/Api/node_modules/mysql/lib/protocol/Protocol.js:38:16)
    at Socket.<anonymous> (/Users/lishengmin/WeChatProjects/applet/Api/node_modules/mysql/lib/Connection.js:88:28)
    at Socket.<anonymous> (/Users/lishengmin/WeChatProjects/applet/Api/node_modules/mysql/lib/Connection.js:526:10)
    at Socket.emit (node:events:513:28)
    at addChunk (node:internal/streams/readable:324:12)
    --------------------
    at Protocol._enqueue (/Users/lishengmin/WeChatProjects/applet/Api/node_modules/mysql/lib/protocol/Protocol.js:144:48)
    at Connection.query (/Users/lishengmin/WeChatProjects/applet/Api/node_modules/mysql/lib/Connection.js:198:25)
    at /Users/lishengmin/WeChatProjects/applet/Api/system/categories-crud.js:81:8
    at Layer.handle [as handle_request] (/Users/lishengmin/WeChatProjects/applet/Api/node_modules/express/lib/router/layer.js:95:5)
    at next (/Users/lishengmin/WeChatProjects/applet/Api/node_modules/express/lib/router/route.js:144:13)
    at Route.dispatch (/Users/lishengmin/WeChatProjects/applet/Api/node_modules/express/lib/router/route.js:114:3)
    at Layer.handle [as handle_request] (/Users/lishengmin/WeChatProjects/applet/Api/node_modules/express/lib/router/layer.js:95:5)
    at /Users/lishengmin/WeChatProjects/applet/Api/node_modules/express/lib/router/index.js:284:15
    at Function.process_params (/Users/lishengmin/WeChatProjects/applet/Api/node_modules/express/lib/router/index.js:346:12)
    at next (/Users/lishengmin/WeChatProjects/applet/Api/node_modules/express/lib/router/index.js:280:10) {
  code: 'ER_NO_SUCH_TABLE',
  errno: 1146,
  sqlMessage: "Table 'db.tool_categories' doesn't exist",
  sqlState: '42S02',
  index: 0,
  sql: 'SELECT id as value, name as label FROM tool_categories WHERE status = 1 ORDER BY sort_order ASC, id ASC'
}
2025-06-16T15:41:11: 查询分类选项失败: Error: ER_NO_SUCH_TABLE: Table 'db.tool_categories' doesn't exist
    at Sequence._packetToError (/Users/lishengmin/WeChatProjects/applet/Api/node_modules/mysql/lib/protocol/sequences/Sequence.js:47:14)
    at Query.ErrorPacket (/Users/lishengmin/WeChatProjects/applet/Api/node_modules/mysql/lib/protocol/sequences/Query.js:79:18)
    at Protocol._parsePacket (/Users/lishengmin/WeChatProjects/applet/Api/node_modules/mysql/lib/protocol/Protocol.js:291:23)
    at Parser._parsePacket (/Users/lishengmin/WeChatProjects/applet/Api/node_modules/mysql/lib/protocol/Parser.js:433:10)
    at Parser.write (/Users/lishengmin/WeChatProjects/applet/Api/node_modules/mysql/lib/protocol/Parser.js:43:10)
    at Protocol.write (/Users/lishengmin/WeChatProjects/applet/Api/node_modules/mysql/lib/protocol/Protocol.js:38:16)
    at Socket.<anonymous> (/Users/lishengmin/WeChatProjects/applet/Api/node_modules/mysql/lib/Connection.js:88:28)
    at Socket.<anonymous> (/Users/lishengmin/WeChatProjects/applet/Api/node_modules/mysql/lib/Connection.js:526:10)
    at Socket.emit (node:events:513:28)
    at addChunk (node:internal/streams/readable:324:12)
    --------------------
    at Protocol._enqueue (/Users/lishengmin/WeChatProjects/applet/Api/node_modules/mysql/lib/protocol/Protocol.js:144:48)
    at Connection.query (/Users/lishengmin/WeChatProjects/applet/Api/node_modules/mysql/lib/Connection.js:198:25)
    at /Users/lishengmin/WeChatProjects/applet/Api/system/categories-crud.js:81:8
    at Layer.handle [as handle_request] (/Users/lishengmin/WeChatProjects/applet/Api/node_modules/express/lib/router/layer.js:95:5)
    at next (/Users/lishengmin/WeChatProjects/applet/Api/node_modules/express/lib/router/route.js:144:13)
    at Route.dispatch (/Users/lishengmin/WeChatProjects/applet/Api/node_modules/express/lib/router/route.js:114:3)
    at Layer.handle [as handle_request] (/Users/lishengmin/WeChatProjects/applet/Api/node_modules/express/lib/router/layer.js:95:5)
    at /Users/lishengmin/WeChatProjects/applet/Api/node_modules/express/lib/router/index.js:284:15
    at Function.process_params (/Users/lishengmin/WeChatProjects/applet/Api/node_modules/express/lib/router/index.js:346:12)
    at next (/Users/lishengmin/WeChatProjects/applet/Api/node_modules/express/lib/router/index.js:280:10) {
  code: 'ER_NO_SUCH_TABLE',
  errno: 1146,
  sqlMessage: "Table 'db.tool_categories' doesn't exist",
  sqlState: '42S02',
  index: 0,
  sql: 'SELECT id as value, name as label FROM tool_categories WHERE status = 1 ORDER BY sort_order ASC, id ASC'
}
2025-06-16T15:41:52: 查询分类选项失败: Error: ER_NO_SUCH_TABLE: Table 'db.tool_categories' doesn't exist
    at Sequence._packetToError (/Users/lishengmin/WeChatProjects/applet/Api/node_modules/mysql/lib/protocol/sequences/Sequence.js:47:14)
    at Query.ErrorPacket (/Users/lishengmin/WeChatProjects/applet/Api/node_modules/mysql/lib/protocol/sequences/Query.js:79:18)
    at Protocol._parsePacket (/Users/lishengmin/WeChatProjects/applet/Api/node_modules/mysql/lib/protocol/Protocol.js:291:23)
    at Parser._parsePacket (/Users/lishengmin/WeChatProjects/applet/Api/node_modules/mysql/lib/protocol/Parser.js:433:10)
    at Parser.write (/Users/lishengmin/WeChatProjects/applet/Api/node_modules/mysql/lib/protocol/Parser.js:43:10)
    at Protocol.write (/Users/lishengmin/WeChatProjects/applet/Api/node_modules/mysql/lib/protocol/Protocol.js:38:16)
    at Socket.<anonymous> (/Users/lishengmin/WeChatProjects/applet/Api/node_modules/mysql/lib/Connection.js:88:28)
    at Socket.<anonymous> (/Users/lishengmin/WeChatProjects/applet/Api/node_modules/mysql/lib/Connection.js:526:10)
    at Socket.emit (node:events:513:28)
    at addChunk (node:internal/streams/readable:324:12)
    --------------------
    at Protocol._enqueue (/Users/lishengmin/WeChatProjects/applet/Api/node_modules/mysql/lib/protocol/Protocol.js:144:48)
    at Connection.query (/Users/lishengmin/WeChatProjects/applet/Api/node_modules/mysql/lib/Connection.js:198:25)
    at /Users/lishengmin/WeChatProjects/applet/Api/system/categories-crud.js:81:8
    at Layer.handle [as handle_request] (/Users/lishengmin/WeChatProjects/applet/Api/node_modules/express/lib/router/layer.js:95:5)
    at next (/Users/lishengmin/WeChatProjects/applet/Api/node_modules/express/lib/router/route.js:144:13)
    at Route.dispatch (/Users/lishengmin/WeChatProjects/applet/Api/node_modules/express/lib/router/route.js:114:3)
    at Layer.handle [as handle_request] (/Users/lishengmin/WeChatProjects/applet/Api/node_modules/express/lib/router/layer.js:95:5)
    at /Users/lishengmin/WeChatProjects/applet/Api/node_modules/express/lib/router/index.js:284:15
    at Function.process_params (/Users/lishengmin/WeChatProjects/applet/Api/node_modules/express/lib/router/index.js:346:12)
    at next (/Users/lishengmin/WeChatProjects/applet/Api/node_modules/express/lib/router/index.js:280:10) {
  code: 'ER_NO_SUCH_TABLE',
  errno: 1146,
  sqlMessage: "Table 'db.tool_categories' doesn't exist",
  sqlState: '42S02',
  index: 0,
  sql: 'SELECT id as value, name as label FROM tool_categories WHERE status = 1 ORDER BY sort_order ASC, id ASC'
}
2025-06-16T15:52:49: 查询分类选项失败: Error: ER_NO_SUCH_TABLE: Table 'db.tool_categories' doesn't exist
    at Sequence._packetToError (/Users/lishengmin/WeChatProjects/applet/Api/node_modules/mysql/lib/protocol/sequences/Sequence.js:47:14)
    at Query.ErrorPacket (/Users/lishengmin/WeChatProjects/applet/Api/node_modules/mysql/lib/protocol/sequences/Query.js:79:18)
    at Protocol._parsePacket (/Users/lishengmin/WeChatProjects/applet/Api/node_modules/mysql/lib/protocol/Protocol.js:291:23)
    at Parser._parsePacket (/Users/lishengmin/WeChatProjects/applet/Api/node_modules/mysql/lib/protocol/Parser.js:433:10)
    at Parser.write (/Users/lishengmin/WeChatProjects/applet/Api/node_modules/mysql/lib/protocol/Parser.js:43:10)
    at Protocol.write (/Users/lishengmin/WeChatProjects/applet/Api/node_modules/mysql/lib/protocol/Protocol.js:38:16)
    at Socket.<anonymous> (/Users/lishengmin/WeChatProjects/applet/Api/node_modules/mysql/lib/Connection.js:88:28)
    at Socket.<anonymous> (/Users/lishengmin/WeChatProjects/applet/Api/node_modules/mysql/lib/Connection.js:526:10)
    at Socket.emit (node:events:513:28)
    at addChunk (node:internal/streams/readable:324:12)
    --------------------
    at Protocol._enqueue (/Users/lishengmin/WeChatProjects/applet/Api/node_modules/mysql/lib/protocol/Protocol.js:144:48)
    at Connection.query (/Users/lishengmin/WeChatProjects/applet/Api/node_modules/mysql/lib/Connection.js:198:25)
    at /Users/lishengmin/WeChatProjects/applet/Api/system/categories-crud.js:81:8
    at Layer.handle [as handle_request] (/Users/lishengmin/WeChatProjects/applet/Api/node_modules/express/lib/router/layer.js:95:5)
    at next (/Users/lishengmin/WeChatProjects/applet/Api/node_modules/express/lib/router/route.js:144:13)
    at Route.dispatch (/Users/lishengmin/WeChatProjects/applet/Api/node_modules/express/lib/router/route.js:114:3)
    at Layer.handle [as handle_request] (/Users/lishengmin/WeChatProjects/applet/Api/node_modules/express/lib/router/layer.js:95:5)
    at /Users/lishengmin/WeChatProjects/applet/Api/node_modules/express/lib/router/index.js:284:15
    at Function.process_params (/Users/lishengmin/WeChatProjects/applet/Api/node_modules/express/lib/router/index.js:346:12)
    at next (/Users/lishengmin/WeChatProjects/applet/Api/node_modules/express/lib/router/index.js:280:10) {
  code: 'ER_NO_SUCH_TABLE',
  errno: 1146,
  sqlMessage: "Table 'db.tool_categories' doesn't exist",
  sqlState: '42S02',
  index: 0,
  sql: 'SELECT id as value, name as label FROM tool_categories WHERE status = 1 ORDER BY sort_order ASC, id ASC'
}
2025-06-16T15:52:58: 查询分类选项失败: Error: ER_NO_SUCH_TABLE: Table 'db.tool_categories' doesn't exist
    at Sequence._packetToError (/Users/lishengmin/WeChatProjects/applet/Api/node_modules/mysql/lib/protocol/sequences/Sequence.js:47:14)
    at Query.ErrorPacket (/Users/lishengmin/WeChatProjects/applet/Api/node_modules/mysql/lib/protocol/sequences/Query.js:79:18)
    at Protocol._parsePacket (/Users/lishengmin/WeChatProjects/applet/Api/node_modules/mysql/lib/protocol/Protocol.js:291:23)
    at Parser._parsePacket (/Users/lishengmin/WeChatProjects/applet/Api/node_modules/mysql/lib/protocol/Parser.js:433:10)
    at Parser.write (/Users/lishengmin/WeChatProjects/applet/Api/node_modules/mysql/lib/protocol/Parser.js:43:10)
    at Protocol.write (/Users/lishengmin/WeChatProjects/applet/Api/node_modules/mysql/lib/protocol/Protocol.js:38:16)
    at Socket.<anonymous> (/Users/lishengmin/WeChatProjects/applet/Api/node_modules/mysql/lib/Connection.js:88:28)
    at Socket.<anonymous> (/Users/lishengmin/WeChatProjects/applet/Api/node_modules/mysql/lib/Connection.js:526:10)
    at Socket.emit (node:events:513:28)
    at addChunk (node:internal/streams/readable:324:12)
    --------------------
    at Protocol._enqueue (/Users/lishengmin/WeChatProjects/applet/Api/node_modules/mysql/lib/protocol/Protocol.js:144:48)
    at Connection.query (/Users/lishengmin/WeChatProjects/applet/Api/node_modules/mysql/lib/Connection.js:198:25)
    at /Users/lishengmin/WeChatProjects/applet/Api/system/categories-crud.js:81:8
    at Layer.handle [as handle_request] (/Users/lishengmin/WeChatProjects/applet/Api/node_modules/express/lib/router/layer.js:95:5)
    at next (/Users/lishengmin/WeChatProjects/applet/Api/node_modules/express/lib/router/route.js:144:13)
    at Route.dispatch (/Users/lishengmin/WeChatProjects/applet/Api/node_modules/express/lib/router/route.js:114:3)
    at Layer.handle [as handle_request] (/Users/lishengmin/WeChatProjects/applet/Api/node_modules/express/lib/router/layer.js:95:5)
    at /Users/lishengmin/WeChatProjects/applet/Api/node_modules/express/lib/router/index.js:284:15
    at Function.process_params (/Users/lishengmin/WeChatProjects/applet/Api/node_modules/express/lib/router/index.js:346:12)
    at next (/Users/lishengmin/WeChatProjects/applet/Api/node_modules/express/lib/router/index.js:280:10) {
  code: 'ER_NO_SUCH_TABLE',
  errno: 1146,
  sqlMessage: "Table 'db.tool_categories' doesn't exist",
  sqlState: '42S02',
  index: 0,
  sql: 'SELECT id as value, name as label FROM tool_categories WHERE status = 1 ORDER BY sort_order ASC, id ASC'
}
2025-06-16T15:53:02: 查询分类总数失败: Error: ER_NO_SUCH_TABLE: Table 'db.tool_categories' doesn't exist
    at Sequence._packetToError (/Users/lishengmin/WeChatProjects/applet/Api/node_modules/mysql/lib/protocol/sequences/Sequence.js:47:14)
    at Query.ErrorPacket (/Users/lishengmin/WeChatProjects/applet/Api/node_modules/mysql/lib/protocol/sequences/Query.js:79:18)
    at Protocol._parsePacket (/Users/lishengmin/WeChatProjects/applet/Api/node_modules/mysql/lib/protocol/Protocol.js:291:23)
    at Parser._parsePacket (/Users/lishengmin/WeChatProjects/applet/Api/node_modules/mysql/lib/protocol/Parser.js:433:10)
    at Parser.write (/Users/lishengmin/WeChatProjects/applet/Api/node_modules/mysql/lib/protocol/Parser.js:43:10)
    at Protocol.write (/Users/lishengmin/WeChatProjects/applet/Api/node_modules/mysql/lib/protocol/Protocol.js:38:16)
    at Socket.<anonymous> (/Users/lishengmin/WeChatProjects/applet/Api/node_modules/mysql/lib/Connection.js:88:28)
    at Socket.<anonymous> (/Users/lishengmin/WeChatProjects/applet/Api/node_modules/mysql/lib/Connection.js:526:10)
    at Socket.emit (node:events:513:28)
    at addChunk (node:internal/streams/readable:324:12)
    --------------------
    at Protocol._enqueue (/Users/lishengmin/WeChatProjects/applet/Api/node_modules/mysql/lib/protocol/Protocol.js:144:48)
    at Connection.query (/Users/lishengmin/WeChatProjects/applet/Api/node_modules/mysql/lib/Connection.js:198:25)
    at /Users/lishengmin/WeChatProjects/applet/Api/system/categories-crud.js:46:8
    at Layer.handle [as handle_request] (/Users/lishengmin/WeChatProjects/applet/Api/node_modules/express/lib/router/layer.js:95:5)
    at next (/Users/lishengmin/WeChatProjects/applet/Api/node_modules/express/lib/router/route.js:144:13)
    at Route.dispatch (/Users/lishengmin/WeChatProjects/applet/Api/node_modules/express/lib/router/route.js:114:3)
    at Layer.handle [as handle_request] (/Users/lishengmin/WeChatProjects/applet/Api/node_modules/express/lib/router/layer.js:95:5)
    at /Users/lishengmin/WeChatProjects/applet/Api/node_modules/express/lib/router/index.js:284:15
    at Function.process_params (/Users/lishengmin/WeChatProjects/applet/Api/node_modules/express/lib/router/index.js:346:12)
    at next (/Users/lishengmin/WeChatProjects/applet/Api/node_modules/express/lib/router/index.js:280:10) {
  code: 'ER_NO_SUCH_TABLE',
  errno: 1146,
  sqlMessage: "Table 'db.tool_categories' doesn't exist",
  sqlState: '42S02',
  index: 0,
  sql: 'SELECT COUNT(*) as total FROM tool_categories '
}
2025-06-16T15:57:56: 查询分类总数失败: Error: ER_NO_SUCH_TABLE: Table 'db.tool_categories' doesn't exist
    at Sequence._packetToError (/Users/lishengmin/WeChatProjects/applet/Api/node_modules/mysql/lib/protocol/sequences/Sequence.js:47:14)
    at Query.ErrorPacket (/Users/lishengmin/WeChatProjects/applet/Api/node_modules/mysql/lib/protocol/sequences/Query.js:79:18)
    at Protocol._parsePacket (/Users/lishengmin/WeChatProjects/applet/Api/node_modules/mysql/lib/protocol/Protocol.js:291:23)
    at Parser._parsePacket (/Users/lishengmin/WeChatProjects/applet/Api/node_modules/mysql/lib/protocol/Parser.js:433:10)
    at Parser.write (/Users/lishengmin/WeChatProjects/applet/Api/node_modules/mysql/lib/protocol/Parser.js:43:10)
    at Protocol.write (/Users/lishengmin/WeChatProjects/applet/Api/node_modules/mysql/lib/protocol/Protocol.js:38:16)
    at Socket.<anonymous> (/Users/lishengmin/WeChatProjects/applet/Api/node_modules/mysql/lib/Connection.js:88:28)
    at Socket.<anonymous> (/Users/lishengmin/WeChatProjects/applet/Api/node_modules/mysql/lib/Connection.js:526:10)
    at Socket.emit (node:events:513:28)
    at addChunk (node:internal/streams/readable:324:12)
    --------------------
    at Protocol._enqueue (/Users/lishengmin/WeChatProjects/applet/Api/node_modules/mysql/lib/protocol/Protocol.js:144:48)
    at Connection.query (/Users/lishengmin/WeChatProjects/applet/Api/node_modules/mysql/lib/Connection.js:198:25)
    at /Users/lishengmin/WeChatProjects/applet/Api/system/categories-crud.js:46:8
    at Layer.handle [as handle_request] (/Users/lishengmin/WeChatProjects/applet/Api/node_modules/express/lib/router/layer.js:95:5)
    at next (/Users/lishengmin/WeChatProjects/applet/Api/node_modules/express/lib/router/route.js:144:13)
    at Route.dispatch (/Users/lishengmin/WeChatProjects/applet/Api/node_modules/express/lib/router/route.js:114:3)
    at Layer.handle [as handle_request] (/Users/lishengmin/WeChatProjects/applet/Api/node_modules/express/lib/router/layer.js:95:5)
    at /Users/lishengmin/WeChatProjects/applet/Api/node_modules/express/lib/router/index.js:284:15
    at Function.process_params (/Users/lishengmin/WeChatProjects/applet/Api/node_modules/express/lib/router/index.js:346:12)
    at next (/Users/lishengmin/WeChatProjects/applet/Api/node_modules/express/lib/router/index.js:280:10) {
  code: 'ER_NO_SUCH_TABLE',
  errno: 1146,
  sqlMessage: "Table 'db.tool_categories' doesn't exist",
  sqlState: '42S02',
  index: 0,
  sql: 'SELECT COUNT(*) as total FROM tool_categories '
}
2025-06-16T15:58:23: 查询分类总数失败: Error: ER_NO_SUCH_TABLE: Table 'db.tool_categories' doesn't exist
    at Sequence._packetToError (/Users/lishengmin/WeChatProjects/applet/Api/node_modules/mysql/lib/protocol/sequences/Sequence.js:47:14)
    at Query.ErrorPacket (/Users/lishengmin/WeChatProjects/applet/Api/node_modules/mysql/lib/protocol/sequences/Query.js:79:18)
    at Protocol._parsePacket (/Users/lishengmin/WeChatProjects/applet/Api/node_modules/mysql/lib/protocol/Protocol.js:291:23)
    at Parser._parsePacket (/Users/lishengmin/WeChatProjects/applet/Api/node_modules/mysql/lib/protocol/Parser.js:433:10)
    at Parser.write (/Users/lishengmin/WeChatProjects/applet/Api/node_modules/mysql/lib/protocol/Parser.js:43:10)
    at Protocol.write (/Users/lishengmin/WeChatProjects/applet/Api/node_modules/mysql/lib/protocol/Protocol.js:38:16)
    at Socket.<anonymous> (/Users/lishengmin/WeChatProjects/applet/Api/node_modules/mysql/lib/Connection.js:88:28)
    at Socket.<anonymous> (/Users/lishengmin/WeChatProjects/applet/Api/node_modules/mysql/lib/Connection.js:526:10)
    at Socket.emit (node:events:513:28)
    at addChunk (node:internal/streams/readable:324:12)
    --------------------
    at Protocol._enqueue (/Users/lishengmin/WeChatProjects/applet/Api/node_modules/mysql/lib/protocol/Protocol.js:144:48)
    at Connection.query (/Users/lishengmin/WeChatProjects/applet/Api/node_modules/mysql/lib/Connection.js:198:25)
    at /Users/lishengmin/WeChatProjects/applet/Api/system/categories-crud.js:46:8
    at Layer.handle [as handle_request] (/Users/lishengmin/WeChatProjects/applet/Api/node_modules/express/lib/router/layer.js:95:5)
    at next (/Users/lishengmin/WeChatProjects/applet/Api/node_modules/express/lib/router/route.js:144:13)
    at Route.dispatch (/Users/lishengmin/WeChatProjects/applet/Api/node_modules/express/lib/router/route.js:114:3)
    at Layer.handle [as handle_request] (/Users/lishengmin/WeChatProjects/applet/Api/node_modules/express/lib/router/layer.js:95:5)
    at /Users/lishengmin/WeChatProjects/applet/Api/node_modules/express/lib/router/index.js:284:15
    at Function.process_params (/Users/lishengmin/WeChatProjects/applet/Api/node_modules/express/lib/router/index.js:346:12)
    at next (/Users/lishengmin/WeChatProjects/applet/Api/node_modules/express/lib/router/index.js:280:10) {
  code: 'ER_NO_SUCH_TABLE',
  errno: 1146,
  sqlMessage: "Table 'db.tool_categories' doesn't exist",
  sqlState: '42S02',
  index: 0,
  sql: 'SELECT COUNT(*) as total FROM tool_categories '
}
